<?xml version="1.0" encoding="UTF-8"?>
<!-- Generated by org.testng.reporters.JUnitReportReporter -->
<testsuite hostname="ATMECSINDT-049" name="com.atmecs.com.atmecs.ReportCreator.Main" tests="1" failures="0" timestamp="5 Aug 2014 11:07:31 GMT" time="0.009" errors="0">
  <testcase name="main" time="0.009" classname="com.atmecs.com.atmecs.ReportCreator.Main"/>
</testsuite> <!-- com.atmecs.com.atmecs.ReportCreator.Main -->
