<?xml version="1.0" encoding="UTF-8"?>
<!-- Generated by org.testng.reporters.JUnitReportReporter -->
<testsuite hostname="ATMECSINDT-049" name="com.atmecs.com.atmecs.ReportCreator.TestClass" tests="8" failures="0" timestamp="20 Aug 2014 10:57:18 GMT" time="0.015" errors="0">
  <testcase name="test6" time="0.001" classname="com.atmecs.com.atmecs.ReportCreator.TestClass"/>
  <testcase name="test8" time="0.001" classname="com.atmecs.com.atmecs.ReportCreator.TestClass"/>
  <testcase name="test5" time="0.001" classname="com.atmecs.com.atmecs.ReportCreator.TestClass"/>
  <testcase name="test1" time="0.010" classname="com.atmecs.com.atmecs.ReportCreator.TestClass"/>
  <testcase name="test7" time="0.000" classname="com.atmecs.com.atmecs.ReportCreator.TestClass"/>
  <testcase name="test2" time="0.001" classname="com.atmecs.com.atmecs.ReportCreator.TestClass"/>
  <testcase name="test4" time="0.001" classname="com.atmecs.com.atmecs.ReportCreator.TestClass"/>
  <testcase name="test3" time="0.000" classname="com.atmecs.com.atmecs.ReportCreator.TestClass"/>
</testsuite> <!-- com.atmecs.com.atmecs.ReportCreator.TestClass -->
